# JRE version: OpenJDK Runtime Environment (8.0_152-b06) (build 1.8.0_152-release-1136-b06)
# Java VM: OpenJDK 64-Bit Server VM (25.152-b06 mixed mode windows-amd64 compressed oops)
Heap:
 PSYoungGen      total 228864K, used 72052K [0x00000000e0000000, 0x00000000efa00000, 0x0000000100000000)
  eden space 211968K, 33% used [0x00000000e0000000,0x00000000e465d3b8,0x00000000ecf00000)
  from space 16896K, 0% used [0x00000000ee400000,0x00000000ee400000,0x00000000ef480000)
  to   space 21504K, 0% used [0x00000000ecf00000,0x00000000ecf00000,0x00000000ee400000)
 ParOldGen       total 140288K, used 37163K [0x00000000a0000000, 0x00000000a8900000, 0x00000000e0000000)
  object space 140288K, 26% used [0x00000000a0000000,0x00000000a244add0,0x00000000a8900000)
 Metaspace       used 61621K, capacity 63368K, committed 63640K, reserved 1103872K
  class space    used 8346K, capacity 8789K, committed 8880K, reserved 1048576K
GC Heap History (10 events):
Event: 10.551 GC heap before
{Heap before GC invocations=9 (full 2):
 PSYoungGen      total 96256K, used 10737K [0x00000000e0000000, 0x00000000ea480000, 0x0000000100000000)
  eden space 85504K, 0% used [0x00000000e0000000,0x00000000e0000000,0x00000000e5380000)
  from space 10752K, 99% used [0x00000000e5380000,0x00000000e5dfc488,0x00000000e5e00000)
  to   space 12288K, 0% used [0x00000000e9880000,0x00000000e9880000,0x00000000ea480000)
 ParOldGen       total 75776K, used 7471K [0x00000000a0000000, 0x00000000a4a00000, 0x00000000e0000000)
  object space 75776K, 9% used [0x00000000a0000000,0x00000000a074bc38,0x00000000a4a00000)
 Metaspace       used 34769K, capacity 35362K, committed 35496K, reserved 1079296K
  class space    used 4817K, capacity 5025K, committed 5040K, reserved 1048576K
Event: 10.590 GC heap after
Heap after GC invocations=9 (full 2):
 PSYoungGen      total 96256K, used 0K [0x00000000e0000000, 0x00000000ea480000, 0x0000000100000000)
  eden space 85504K, 0% used [0x00000000e0000000,0x00000000e0000000,0x00000000e5380000)
  from space 10752K, 0% used [0x00000000e5380000,0x00000000e5380000,0x00000000e5e00000)
  to   space 12288K, 0% used [0x00000000e9880000,0x00000000e9880000,0x00000000ea480000)
 ParOldGen       total 101888K, used 17345K [0x00000000a0000000, 0x00000000a6380000, 0x00000000e0000000)
  object space 101888K, 17% used [0x00000000a0000000,0x00000000a10f0470,0x00000000a6380000)
 Metaspace       used 34769K, capacity 35362K, committed 35496K, reserved 1079296K
  class space    used 4817K, capacity 5025K, committed 5040K, reserved 1048576K
}
Event: 11.278 GC heap before
{Heap before GC invocations=10 (full 2):
 PSYoungGen      total 96256K, used 85504K [0x00000000e0000000, 0x00000000ea480000, 0x0000000100000000)
  eden space 85504K, 100% used [0x00000000e0000000,0x00000000e5380000,0x00000000e5380000)
  from space 10752K, 0% used [0x00000000e5380000,0x00000000e5380000,0x00000000e5e00000)
  to   space 12288K, 0% used [0x00000000e9880000,0x00000000e9880000,0x00000000ea480000)
 ParOldGen       total 101888K, used 17345K [0x00000000a0000000, 0x00000000a6380000, 0x00000000e0000000)
  object space 101888K, 17% used [0x00000000a0000000,0x00000000a10f0470,0x00000000a6380000)
 Metaspace       used 40162K, capacity 40796K, committed 41128K, reserved 1085440K
  class space    used 5459K, capacity 5698K, committed 5808K, reserved 1048576K
Event: 11.285 GC heap after
Heap after GC invocations=10 (full 2):
 PSYoungGen      total 156160K, used 9099K [0x00000000e0000000, 0x00000000ea800000, 0x0000000100000000)
  eden space 143872K, 0% used [0x00000000e0000000,0x00000000e0000000,0x00000000e8c80000)
  from space 12288K, 74% used [0x00000000e9880000,0x00000000ea162f68,0x00000000ea480000)
  to   space 12288K, 0% used [0x00000000e8c80000,0x00000000e8c80000,0x00000000e9880000)
 ParOldGen       total 101888K, used 17353K [0x00000000a0000000, 0x00000000a6380000, 0x00000000e0000000)
  object space 101888K, 17% used [0x00000000a0000000,0x00000000a10f2470,0x00000000a6380000)
 Metaspace       used 40162K, capacity 40796K, committed 41128K, reserved 1085440K
  class space    used 5459K, capacity 5698K, committed 5808K, reserved 1048576K
}
Event: 12.903 GC heap before
{Heap before GC invocations=11 (full 2):
 PSYoungGen      total 156160K, used 152971K [0x00000000e0000000, 0x00000000ea800000, 0x0000000100000000)
  eden space 143872K, 100% used [0x00000000e0000000,0x00000000e8c80000,0x00000000e8c80000)
  from space 12288K, 74% used [0x00000000e9880000,0x00000000ea162f68,0x00000000ea480000)
  to   space 12288K, 0% used [0x00000000e8c80000,0x00000000e8c80000,0x00000000e9880000)
 ParOldGen       total 101888K, used 17353K [0x00000000a0000000, 0x00000000a6380000, 0x00000000e0000000)
  object space 101888K, 17% used [0x00000000a0000000,0x00000000a10f2470,0x00000000a6380000)
 Metaspace       used 51700K, capacity 53112K, committed 53288K, reserved 1095680K
  class space    used 6995K, capacity 7399K, committed 7472K, reserved 1048576K
Event: 13.103 GC heap after
Heap after GC invocations=11 (full 2):
 PSYoungGen      total 156160K, used 12278K [0x00000000e0000000, 0x00000000ef480000, 0x0000000100000000)
  eden space 143872K, 0% used [0x00000000e0000000,0x00000000e0000000,0x00000000e8c80000)
  from space 12288K, 99% used [0x00000000e8c80000,0x00000000e987d978,0x00000000e9880000)
  to   space 16896K, 0% used [0x00000000ee400000,0x00000000ee400000,0x00000000ef480000)
 ParOldGen       total 101888K, used 25198K [0x00000000a0000000, 0x00000000a6380000, 0x00000000e0000000)
  object space 101888K, 24% used [0x00000000a0000000,0x00000000a189b9a8,0x00000000a6380000)
 Metaspace       used 51700K, capacity 53112K, committed 53288K, reserved 1095680K
  class space    used 6995K, capacity 7399K, committed 7472K, reserved 1048576K
}
Event: 20.863 GC heap before
{Heap before GC invocations=12 (full 2):
 PSYoungGen      total 156160K, used 131049K [0x00000000e0000000, 0x00000000ef480000, 0x0000000100000000)
  eden space 143872K, 82% used [0x00000000e0000000,0x00000000e73fcd28,0x00000000e8c80000)
  from space 12288K, 99% used [0x00000000e8c80000,0x00000000e987d978,0x00000000e9880000)
  to   space 16896K, 0% used [0x00000000ee400000,0x00000000ee400000,0x00000000ef480000)
 ParOldGen       total 101888K, used 25198K [0x00000000a0000000, 0x00000000a6380000, 0x00000000e0000000)
  object space 101888K, 24% used [0x00000000a0000000,0x00000000a189b9a8,0x00000000a6380000)
 Metaspace       used 57494K, capacity 59082K, committed 59160K, reserved 1099776K
  class space    used 7841K, capacity 8238K, committed 8240K, reserved 1048576K
Event: 20.883 GC heap after
Heap after GC invocations=12 (full 2):
 PSYoungGen      total 228864K, used 16884K [0x00000000e0000000, 0x00000000efa00000, 0x0000000100000000)
  eden space 211968K, 0% used [0x00000000e0000000,0x00000000e0000000,0x00000000ecf00000)
  from space 16896K, 99% used [0x00000000ee400000,0x00000000ef47d158,0x00000000ef480000)
  to   space 21504K, 0% used [0x00000000ecf00000,0x00000000ecf00000,0x00000000ee400000)
 ParOldGen       total 101888K, used 32339K [0x00000000a0000000, 0x00000000a6380000, 0x00000000e0000000)
  object space 101888K, 31% used [0x00000000a0000000,0x00000000a1f94d60,0x00000000a6380000)
 Metaspace       used 57494K, capacity 59082K, committed 59160K, reserved 1099776K
  class space    used 7841K, capacity 8238K, committed 8240K, reserved 1048576K
}
Event: 20.883 GC heap before
{Heap before GC invocations=13 (full 3):
 PSYoungGen      total 228864K, used 16884K [0x00000000e0000000, 0x00000000efa00000, 0x0000000100000000)
  eden space 211968K, 0% used [0x00000000e0000000,0x00000000e0000000,0x00000000ecf00000)
  from space 16896K, 99% used [0x00000000ee400000,0x00000000ef47d158,0x00000000ef480000)
  to   space 21504K, 0% used [0x00000000ecf00000,0x00000000ecf00000,0x00000000ee400000)
 ParOldGen       total 101888K, used 32339K [0x00000000a0000000, 0x00000000a6380000, 0x00000000e0000000)
  object space 101888K, 31% used [0x00000000a0000000,0x00000000a1f94d60,0x00000000a6380000)
 Metaspace       used 57494K, capacity 59082K, committed 59160K, reserved 1099776K
  class space    used 7841K, capacity 8238K, committed 8240K, reserved 1048576K
Event: 21.103 GC heap after
Heap after GC invocations=13 (full 3):
 PSYoungGen      total 228864K, used 0K [0x00000000e0000000, 0x00000000efa00000, 0x0000000100000000)
  eden space 211968K, 0% used [0x00000000e0000000,0x00000000e0000000,0x00000000ecf00000)
  from space 16896K, 0% used [0x00000000ee400000,0x00000000ee400000,0x00000000ef480000)
  to   space 21504K, 0% used [0x00000000ecf00000,0x00000000ecf00000,0x00000000ee400000)
 ParOldGen       total 140288K, used 37163K [0x00000000a0000000, 0x00000000a8900000, 0x00000000e0000000)
  object space 140288K, 26% used [0x00000000a0000000,0x00000000a244add0,0x00000000a8900000)
 Metaspace       used 57494K, capacity 59082K, committed 59160K, reserved 1099776K
  class space    used 7841K, capacity 8238K, committed 8240K, reserved 1048576K
}

